<?xml version="1.0" encoding="UTF-8"?>
<testsuite name="org.plv.bukva.BukvaIndexTest" tests="1" skipped="0" failures="0" errors="0" timestamp="2020-08-06T05:29:28" hostname="LAPTOP-0MLKUE8Q" time="0.899">
  <properties/>
  <testcase name="testIndex" classname="org.plv.bukva.BukvaIndexTest" time="0.899"/>
  <system-out><![CDATA[]]></system-out>
  <system-err><![CDATA[]]></system-err>
</testsuite>
